\BOOKMARK [0][-]{chapter.1}{\376\377\166\172\160\153\163\207\060\342\060\307\060\353\060\150\134\100\142\100\133\146\177\322\122\107}{}% 1
\BOOKMARK [1][-]{section.1.1}{\376\377\171\136\175\114\175\060\200\336\060\156\151\202\211\201}{chapter.1}% 2
\BOOKMARK [2][-]{subsection.1.1.1}{\376\377\201\063\060\153\060\112\060\121\060\213\175\060\200\336\060\156\172\056\230\136\060\150\145\160}{section.1.1}% 3
\BOOKMARK [2][-]{subsection.1.1.2}{\376\377\171\136\175\114\175\060\200\336\060\156\137\142\141\113\060\150\151\313\220\040}{section.1.1}% 4
\BOOKMARK [2][-]{subsection.1.1.3}{\376\377\171\136\175\114\175\060\200\336\060\156\226\373\154\027\166\204\155\073\122\325}{section.1.1}% 5
\BOOKMARK [2][-]{subsection.1.1.4}{\376\377\171\136\175\114\175\060\200\336\060\156\172\056\230\136}{section.1.1}% 6
\BOOKMARK [2][-]{subsection.1.1.5}{\376\377\060\260\060\352\060\242\175\060\200\336\060\156\172\056\230\136}{section.1.1}% 7
\BOOKMARK [1][-]{section.1.2}{\376\377\171\136\175\114\175\060\200\336\060\156\166\172\160\153\163\207\060\342\060\307\060\353}{chapter.1}% 8
\BOOKMARK [2][-]{subsection.1.2.1}{\376\377\227\131\166\204\226\342\145\143\146\102\225\223\060\342\060\307\060\353}{section.1.2}% 9
\BOOKMARK [1][-]{section.1.3}{\376\377\000H\000e\000b\000b\122\107\060\150\060\267\060\312\060\327\060\271\123\357\130\121\140\047}{chapter.1}% 10
\BOOKMARK [2][-]{subsection.1.3.1}{\376\377\000H\000e\000b\000b\122\107}{section.1.3}% 11
\BOOKMARK [2][-]{subsection.1.3.2}{\376\377\060\267\060\312\060\327\060\271\123\357\130\121\140\047\060\150\000L\000T\000P\060\373\000L\000T\000D}{section.1.3}% 12
\BOOKMARK [2][-]{subsection.1.3.3}{\376\377\000H\000e\000b\000b\122\107\060\156\116\015\133\211\133\232\140\047\060\150\117\356\153\143\000H\000e\000b\000b\122\107}{section.1.3}% 13
\BOOKMARK [2][-]{subsection.1.3.4}{\376\377\000C\000L\000O\122\107}{section.1.3}% 14
\BOOKMARK [2][-]{subsection.1.3.5}{\376\377\000B\000C\000M\122\107}{section.1.3}% 15
\BOOKMARK [2][-]{subsection.1.3.6}{\376\377\000O\000j\000a\122\107}{section.1.3}% 16
\BOOKMARK [2][-]{subsection.1.3.7}{\376\377\000H\000e\000b\000b\122\107\060\156\131\011\122\006\123\237\164\006\166\204\134\016\121\372}{section.1.3}% 17
\BOOKMARK [1][-]{section.1.4}{\376\377\201\352\135\361\175\104\176\124\123\026\060\336\060\303\060\327}{chapter.1}% 18
\BOOKMARK [2][-]{subsection.1.4.1}{\376\377\201\352\135\361\175\104\176\124\123\026\060\336\060\303\060\327\060\150\211\226\211\232\221\316\060\156\151\313\220\040}{section.1.4}% 19
\BOOKMARK [1][-]{section*.10}{\376\377\123\302\200\003\145\207\163\056}{chapter.1}% 20
