\BOOKMARK [0][-]{chapter.1}{\376\377\060\157\060\130\060\201\060\153}{}% 1
\BOOKMARK [1][-]{section.1.1}{\376\377\147\054\146\370\060\156\166\356\166\204\060\150\151\313\142\020}{chapter.1}% 2
\BOOKMARK [2][-]{subsection.1.1.1}{\376\377\171\136\175\114\171\321\133\146\060\153\060\112\060\121\060\213\212\010\173\227\212\326}{section.1.1}% 3
\BOOKMARK [2][-]{subsection.1.1.2}{\376\377\147\054\146\370\060\156\151\313\142\020}{section.1.1}% 4
\BOOKMARK [1][-]{section.1.2}{\376\377\000J\000u\000l\000i\000a\212\000\212\236\060\156\117\177\165\050\154\325}{chapter.1}% 5
\BOOKMARK [2][-]{subsection.1.2.1}{\376\377\000J\000u\000l\000i\000a\212\000\212\236\060\156\162\171\137\264}{section.1.2}% 6
\BOOKMARK [2][-]{subsection.1.2.2}{\376\377\000J\000u\000l\000i\000a\212\000\212\236\060\156\060\244\060\363\060\271\060\310\060\374\060\353\145\271\154\325}{section.1.2}% 7
\BOOKMARK [2][-]{subsection.1.2.3}{\376\377\117\177\165\050\060\131\060\213\060\351\060\244\060\326\060\351\060\352}{section.1.2}% 8
\BOOKMARK [2][-]{subsection.1.2.4}{\376\377\225\213\166\172\164\260\130\203}{section.1.2}% 9
\BOOKMARK [2][-]{subsection.1.2.5}{\376\377\000J\000u\000l\000i\000a\212\000\212\236\060\156\127\372\147\054\151\313\145\207}{section.1.2}% 10
\BOOKMARK [2][-]{subsection.1.2.6}{\376\377\124\175\124\015\211\217\122\107}{section.1.2}% 11
\BOOKMARK [1][-]{section.1.3}{\376\377\127\372\171\016\166\204\145\160\133\146\060\150\000J\000u\000l\000i\000a\060\147\060\156\212\030\154\325}{chapter.1}% 12
\BOOKMARK [2][-]{subsection.1.3.1}{\376\377\210\150\212\030\154\325}{section.1.3}% 13
\BOOKMARK [2][-]{subsection.1.3.2}{\376\377\175\332\137\142\116\343\145\160\060\150\137\256\122\006}{section.1.3}% 14
\BOOKMARK [2][-]{subsection.1.3.3}{\376\377\137\256\122\006\145\271\172\013\137\017}{section.1.3}% 15
\BOOKMARK [2][-]{subsection.1.3.4}{\376\377\170\272\163\207\212\326}{section.1.3}% 16
\BOOKMARK [2][-]{subsection.1.3.5}{\376\377\170\272\163\207\220\116\172\013}{section.1.3}% 17
\BOOKMARK [2][-]{subsection.1.3.6}{\376\377\170\272\163\207\137\256\122\006\145\271\172\013\137\017}{section.1.3}% 18
\BOOKMARK [1][-]{section.1.4}{\376\377\133\146\177\322\060\153\225\242\060\131\060\213\127\372\171\016\166\204\151\202\137\365}{chapter.1}% 19
\BOOKMARK [2][-]{subsection.1.4.1}{\376\377\060\342\060\307\060\353\060\150\133\146\177\322\060\373\116\210\156\054}{section.1.4}% 20
\BOOKMARK [2][-]{subsection.1.4.2}{\376\377\126\336\136\060\060\150\122\006\230\136}{section.1.4}% 21
\BOOKMARK [2][-]{subsection.1.4.3}{\376\377\213\130\122\045\060\342\060\307\060\353\060\373\165\037\142\020\060\342\060\307\060\353}{section.1.4}% 22
\BOOKMARK [1][-]{section.1.5}{\376\377\175\332\137\142\126\336\136\060}{chapter.1}% 23
\BOOKMARK [2][-]{subsection.1.5.1}{\376\377\126\336\136\060\060\342\060\307\060\353\060\156\210\114\122\027\210\150\163\376}{section.1.5}% 24
\BOOKMARK [2][-]{subsection.1.5.2}{\376\377\147\000\134\017\116\214\116\127\154\325}{section.1.5}% 25
\BOOKMARK [2][-]{subsection.1.5.3}{\376\377\060\352\060\303\060\270\126\336\136\060}{section.1.5}% 26
\BOOKMARK [2][-]{subsection.1.5.4}{\376\377\060\355\060\270\060\271\060\306\060\243\060\303\060\257\126\336\136\060}{section.1.5}% 27
\BOOKMARK [0][-]{chapter.2}{\376\377\166\172\160\153\163\207\060\342\060\307\060\353\060\150\134\100\142\100\133\146\177\322\122\107}{}% 28
\BOOKMARK [0][-]{chapter.3}{\376\377\060\250\060\315\060\353\060\256\060\374\060\331\060\374\060\271\060\342\060\307\060\353}{}% 29
\BOOKMARK [0][-]{chapter.4}{\376\377\060\313\060\345\060\374\060\351\060\353\060\315\060\303\060\310\060\357\060\374\060\257\060\150\214\242\163\056\136\246\122\006\221\115\125\117\230\114}{}% 30
\BOOKMARK [0][-]{chapter.5}{\376\377\121\215\136\060\127\213\060\313\060\345\060\374\060\351\060\353\060\315\060\303\060\310\060\357\060\374\060\257\060\150\175\114\146\102\166\204\214\242\163\056\136\246\122\006\221\115\125\117\230\114}{}% 31
\BOOKMARK [0][-]{chapter.6}{\376\377\171\136\175\114\175\060\200\336\060\150\060\267\060\312\060\327\060\271\060\156\165\037\162\151\162\151\164\006\133\146\166\204\060\342\060\307\060\353}{}% 32
\BOOKMARK [0][-]{chapter.7}{\376\377\060\271\060\321\060\244\060\255\060\363\060\260\060\313\060\345\060\374\060\351\060\353\060\315\060\303\060\310\060\357\060\374\060\257\060\156\133\146\177\322\122\107}{}% 33
\BOOKMARK [0][-]{chapter.8}{\376\377\060\352\060\266\060\320\060\374\060\263\060\363\060\324\060\345\060\374\060\306\060\243\060\363\060\260}{}% 34
\BOOKMARK [0][-]{chapter.9}{\376\377\171\136\175\114\126\336\215\357\175\262\060\153\060\210\060\213\116\015\170\272\133\237\140\047\060\156\210\150\163\376\060\150\060\331\060\244\060\272\143\250\212\326}{}% 35
\BOOKMARK [0][-]{chapter.10}{\376\377\220\113\122\325\133\146\177\322\060\150\147\000\220\151\122\066\137\241}{}% 36
\BOOKMARK [0][-]{chapter.11}{\376\377\137\067\123\026\133\146\177\322}{}% 37
\BOOKMARK [0][-]{chapter.12}{\376\377\171\136\175\114\174\373\060\156\166\172\165\037\060\150\166\172\220\124\060\156\145\160\164\006\060\342\060\307\060\353}{}% 38
