\BOOKMARK [0][-]{chapter.1}{\376\377\060\157\060\130\060\201\060\153}{}% 1
\BOOKMARK [0][-]{chapter.2}{\376\377\171\136\175\114\175\060\200\336\060\156\060\342\060\307\060\353}{}% 2
\BOOKMARK [0][-]{chapter.3}{\376\377\060\267\060\312\060\327\060\271\117\035\220\124\060\156\060\342\060\307\060\353}{}% 3
\BOOKMARK [0][-]{chapter.4}{\376\377\171\136\175\114\126\336\215\357\175\262\060\156\157\024\173\227\121\346\164\006}{}% 4
\BOOKMARK [0][-]{chapter.5}{\376\377\134\100\142\100\133\146\177\322\122\107}{}% 5
\BOOKMARK [0][-]{chapter.6}{\376\377\165\037\142\020\060\342\060\307\060\353\060\150\060\250\060\315\060\353\060\256\060\374\060\331\060\374\060\271\060\342\060\307\060\353}{}% 6
\BOOKMARK [0][-]{chapter.7}{\376\377\214\242\163\056\136\246\122\006\221\115\125\117\230\114\060\156\211\343\154\172\173\126}{}% 7
\BOOKMARK [0][-]{chapter.8}{\376\377\220\113\122\325\122\066\137\241}{}% 8
\BOOKMARK [1][-]{section.8.1}{\376\377\216\215\136\246\147\000\134\017\060\342\060\307\060\353}{chapter.8}% 9
\BOOKMARK [2][-]{subsection.8.1.1}{\376\377\173\111\137\017\122\066\175\004\116\013\060\156\116\214\153\041\212\010\165\073\154\325\000\040\000\050\000E\000q\000u\000a\000l\000i\000t\000y\000\040\000C\000o\000n\000s\000t\000r\000a\000i\000n\000e\000d\000\040\000Q\000u\000a\000d\000r\000a\000t\000i\000c\000\040\000P\000r\000o\000g\000r\000a\000m\000m\000i\000n\000g\000\051}{section.8.1}% 10
\BOOKMARK [2][-]{subsection.8.1.2}{\376\377\216\215\136\246\147\000\134\017\060\342\060\307\060\353\060\156\133\237\210\305}{section.8.1}% 11
\BOOKMARK [2][-]{subsection.8.1.3}{\376\377\175\114\165\061\160\271\060\222\220\032\060\213\130\064\124\010}{section.8.1}% 12
\BOOKMARK [1][-]{section.8.2}{\376\377\175\102\160\271\212\244\135\356\122\006\145\143\147\000\134\017\060\342\060\307\060\353}{chapter.8}% 13
\BOOKMARK [2][-]{subsection.8.2.1}{\376\377\175\102\160\271\212\244\135\356\122\006\145\143\147\000\134\017\060\342\060\307\060\353\060\156\133\237\210\305}{section.8.2}% 14
\BOOKMARK [1][-]{section.8.3}{\376\377\147\000\220\151\060\325\060\243\060\374\060\311\060\320\060\303\060\257\122\066\137\241\060\342\060\307\060\353}{chapter.8}% 15
\BOOKMARK [2][-]{subsection.8.3.1}{\376\377\147\000\220\151\060\325\060\243\060\374\060\311\060\320\060\303\060\257\122\066\137\241\060\342\060\307\060\353\060\156\151\313\220\040}{section.8.3}% 16
\BOOKMARK [2][-]{subsection.8.3.2}{\376\377\133\237\210\305}{section.8.3}% 17
\BOOKMARK [1][-]{section.8.4}{\376\377\161\041\226\120\146\102\225\223\147\000\220\151\060\325\060\243\060\374\060\311\060\320\060\303\060\257\122\066\137\241\060\342\060\307\060\353}{chapter.8}% 18
\BOOKMARK [2][-]{subsection.8.4.1}{\376\377\060\342\060\307\060\353\060\156\151\313\220\040}{section.8.4}% 19
\BOOKMARK [2][-]{subsection.8.4.2}{\376\377\133\237\210\305}{section.8.4}% 20
\BOOKMARK [2][-]{subsection.8.4.3}{\376\377\000T\000a\000r\000g\000e\000t\000\040\000j\000u\000m\000p}{section.8.4}% 21
\BOOKMARK [0][-]{chapter.9}{\376\377\137\067\123\026\133\146\177\322}{}% 22
\BOOKMARK [0][-]{chapter.10}{\376\377\171\136\175\114\126\336\215\357\175\262\060\153\060\210\060\213\060\331\060\244\060\272\143\250\212\326}{}% 23
\BOOKMARK [0][-]{chapter.10}{\376\377\123\302\200\003\145\207\163\056}{}% 24
\BOOKMARK [0][-]{chapter.10}{\376\377\175\042\137\025}{}% 25
